<?xml version="1.0" encoding="utf-8"?>
<!DOCTYPE coverage SYSTEM "http://cobertura.sourceforge.net/xml/coverage-04.dtd">
<coverage line-rate="0.9565217391304348" branch-rate="0.868421052631579" lines-covered="198" lines-valid="207" branches-covered="33" branches-valid="38" complexity="80" version="0" timestamp="1733243681">
  <sources>
    <source>D:\# Software Architecture\6SOAT\# Fase 4\quickfood-backend-pagamento\src\</source>
  </sources>
  <packages>
    <package name="Core.Domain" line-rate="1" branch-rate="0.8846153846153846" complexity="44">
      <classes>
        <class name="Core.Domain.Base.BaseUseCase" filename="D:\# Software Architecture\6SOAT\# Fase 4\quickfood-backend-pagamento\src\BuildingBlocks\Core.Domain\Base\BaseUseCase.cs" line-rate="1" branch-rate="1" complexity="6">
          <methods>
            <method name="Notificar" signature="(FluentValidation.Results.ValidationResult)" line-rate="1" branch-rate="1" complexity="2">
              <lines>
                <line number="11" hits="2" branch="false" />
                <line number="12" hits="10" branch="true" condition-coverage="100% (2/2)" />
                <line number="13" hits="2" branch="false" />
                <line number="14" hits="2" branch="false" />
                <line number="15" hits="2" branch="false" />
                <line number="16" hits="2" branch="false" />
              </lines>
            </method>
            <method name="Notificar" signature="(System.String)" line-rate="1" branch-rate="1" complexity="1">
              <lines>
                <line number="19" hits="3" branch="false" />
              </lines>
            </method>
            <method name="ExecutarValidacao" signature="(TV,TE)" line-rate="1" branch-rate="1" complexity="2">
              <lines>
                <line number="22" hits="2" branch="false" />
                <line number="23" hits="2" branch="false" />
                <line number="25" hits="2" branch="true" condition-coverage="100% (2/2)" />
                <line number="26" hits="1" branch="false" />
                <line number="27" hits="1" branch="false" />
                <line number="30" hits="1" branch="false" />
                <line number="32" hits="1" branch="false" />
                <line number="33" hits="2" branch="false" />
              </lines>
            </method>
            <method name=".ctor" signature="(Core.Domain.Notificacoes.INotificador)" line-rate="1" branch-rate="1" complexity="1">
              <lines>
                <line number="8" hits="4" branch="false" />
              </lines>
            </method>
          </methods>
          <lines>
            <line number="8" hits="4" branch="false" />
            <line number="11" hits="2" branch="false" />
            <line number="12" hits="10" branch="true" condition-coverage="100% (2/2)" />
            <line number="13" hits="2" branch="false" />
            <line number="14" hits="2" branch="false" />
            <line number="15" hits="2" branch="false" />
            <line number="16" hits="2" branch="false" />
            <line number="19" hits="3" branch="false" />
            <line number="22" hits="2" branch="false" />
            <line number="23" hits="2" branch="false" />
            <line number="25" hits="2" branch="true" condition-coverage="100% (2/2)" />
            <line number="26" hits="1" branch="false" />
            <line number="27" hits="1" branch="false" />
            <line number="30" hits="1" branch="false" />
            <line number="32" hits="1" branch="false" />
            <line number="33" hits="2" branch="false" />
          </lines>
        </class>
        <class name="Core.Domain.DataAnnotations.RequiredGuidAttribute" filename="D:\# Software Architecture\6SOAT\# Fase 4\quickfood-backend-pagamento\src\BuildingBlocks\Core.Domain\DataAnnotations\RequiredGuidAttribute.cs" line-rate="1" branch-rate="1" complexity="3">
          <methods>
            <method name="IsValid" signature="(System.Object)" line-rate="1" branch-rate="1" complexity="2">
              <lines>
                <line number="12" hits="4" branch="true" condition-coverage="100% (2/2)" />
              </lines>
            </method>
            <method name=".ctor" signature="()" line-rate="1" branch-rate="1" complexity="1">
              <lines>
                <line number="7" hits="8" branch="false" />
              </lines>
            </method>
          </methods>
          <lines>
            <line number="7" hits="8" branch="false" />
            <line number="12" hits="4" branch="true" condition-coverage="100% (2/2)" />
          </lines>
        </class>
        <class name="Core.Domain.Entities.DomainException" filename="D:\# Software Architecture\6SOAT\# Fase 4\quickfood-backend-pagamento\src\BuildingBlocks\Core.Domain\Entities\DomainException.cs" line-rate="1" branch-rate="1" complexity="3">
          <methods>
            <method name=".ctor" signature="()" line-rate="1" branch-rate="1" complexity="1">
              <lines>
                <line number="5" hits="1" branch="false" />
                <line number="6" hits="2" branch="false" />
              </lines>
            </method>
            <method name=".ctor" signature="(System.String)" line-rate="1" branch-rate="1" complexity="1">
              <lines>
                <line number="8" hits="2" branch="false" />
                <line number="9" hits="4" branch="false" />
              </lines>
            </method>
            <method name=".ctor" signature="(System.String,System.Exception)" line-rate="1" branch-rate="1" complexity="1">
              <lines>
                <line number="11" hits="1" branch="false" />
                <line number="12" hits="2" branch="false" />
              </lines>
            </method>
          </methods>
          <lines>
            <line number="5" hits="1" branch="false" />
            <line number="6" hits="2" branch="false" />
            <line number="8" hits="2" branch="false" />
            <line number="9" hits="4" branch="false" />
            <line number="11" hits="1" branch="false" />
            <line number="12" hits="2" branch="false" />
          </lines>
        </class>
        <class name="Core.Domain.Notificacoes.Notificacao" filename="D:\# Software Architecture\6SOAT\# Fase 4\quickfood-backend-pagamento\src\BuildingBlocks\Core.Domain\Notificacoes\Notificacao.cs" line-rate="1" branch-rate="1" complexity="2">
          <methods>
            <method name="get_Mensagem" signature="()" line-rate="1" branch-rate="1" complexity="1">
              <lines>
                <line number="5" hits="13" branch="false" />
              </lines>
            </method>
            <method name=".ctor" signature="(System.String)" line-rate="1" branch-rate="1" complexity="1">
              <lines>
                <line number="3" hits="7" branch="false" />
              </lines>
            </method>
          </methods>
          <lines>
            <line number="3" hits="7" branch="false" />
            <line number="5" hits="13" branch="false" />
          </lines>
        </class>
        <class name="Core.Domain.Notificacoes.Notificador" filename="D:\# Software Architecture\6SOAT\# Fase 4\quickfood-backend-pagamento\src\BuildingBlocks\Core.Domain\Notificacoes\Notificador.cs" line-rate="1" branch-rate="1" complexity="4">
          <methods>
            <method name="Handle" signature="(Core.Domain.Notificacoes.Notificacao)" line-rate="1" branch-rate="1" complexity="1">
              <lines>
                <line number="11" hits="4" branch="false" />
              </lines>
            </method>
            <method name="ObterNotificacoes" signature="()" line-rate="1" branch-rate="1" complexity="1">
              <lines>
                <line number="14" hits="3" branch="false" />
              </lines>
            </method>
            <method name="TemNotificacao" signature="()" line-rate="1" branch-rate="1" complexity="1">
              <lines>
                <line number="17" hits="2" branch="false" />
              </lines>
            </method>
            <method name=".ctor" signature="()" line-rate="1" branch-rate="1" complexity="1">
              <lines>
                <line number="7" hits="4" branch="false" />
                <line number="8" hits="4" branch="false" />
              </lines>
            </method>
          </methods>
          <lines>
            <line number="7" hits="4" branch="false" />
            <line number="8" hits="4" branch="false" />
            <line number="11" hits="4" branch="false" />
            <line number="14" hits="3" branch="false" />
            <line number="17" hits="2" branch="false" />
          </lines>
        </class>
        <class name="Core.Domain.Validacoes.DigitoVerificador" filename="D:\# Software Architecture\6SOAT\# Fase 4\quickfood-backend-pagamento\src\BuildingBlocks\Core.Domain\Validacoes\ValidadorCpf.cs" line-rate="1" branch-rate="0.7857142857142857" complexity="16">
          <methods>
            <method name="ComMultiplicadoresDeAte" signature="(System.Int32,System.Int32)" line-rate="1" branch-rate="1" complexity="2">
              <lines>
                <line number="67" hits="3" branch="false" />
                <line number="68" hits="3" branch="false" />
                <line number="70" hits="66" branch="true" condition-coverage="100% (2/2)" />
                <line number="71" hits="30" branch="false" />
                <line number="72" hits="30" branch="false" />
                <line number="73" hits="30" branch="false" />
                <line number="75" hits="3" branch="false" />
                <line number="76" hits="3" branch="false" />
              </lines>
            </method>
            <method name="Substituindo" signature="(System.String,System.Int32[])" line-rate="1" branch-rate="1" complexity="2">
              <lines>
                <line number="79" hits="3" branch="false" />
                <line number="80" hits="21" branch="true" condition-coverage="100% (2/2)" />
                <line number="81" hits="6" branch="false" />
                <line number="82" hits="6" branch="false" />
                <line number="83" hits="6" branch="false" />
                <line number="85" hits="3" branch="false" />
                <line number="86" hits="3" branch="false" />
              </lines>
            </method>
            <method name="AddDigito" signature="(System.String)" line-rate="1" branch-rate="1" complexity="1">
              <lines>
                <line number="89" hits="3" branch="false" />
              </lines>
            </method>
            <method name="CalculaDigito" signature="()" line-rate="1" branch-rate="0.5" complexity="2">
              <lines>
                <line number="91" hits="6" branch="true" condition-coverage="50% (1/2)" />
              </lines>
            </method>
            <method name="GetDigitSum" signature="()" line-rate="1" branch-rate="0.75" complexity="8">
              <lines>
                <line number="94" hits="6" branch="false" />
                <line number="95" hits="6" branch="false" />
                <line number="96" hits="132" branch="true" condition-coverage="100% (2/2)" />
                <line number="97" hits="57" branch="false" />
                <line number="98" hits="57" branch="false" />
                <line number="99" hits="57" branch="false" />
                <line number="101" hits="57" branch="true" condition-coverage="100% (2/2)" />
                <line number="102" hits="3" branch="false" />
                <line number="103" hits="3" branch="false" />
                <line number="104" hits="3" branch="false" />
                <line number="105" hits="57" branch="false" />
                <line number="107" hits="6" branch="false" />
                <line number="108" hits="6" branch="true" condition-coverage="50% (1/2)" />
                <line number="110" hits="6" branch="true" condition-coverage="50% (1/2)" />
                <line number="111" hits="6" branch="false" />
              </lines>
            </method>
            <method name=".ctor" signature="(System.String)" line-rate="1" branch-rate="1" complexity="1">
              <lines>
                <line number="56" hits="3" branch="false" />
                <line number="57" hits="3" branch="false" />
                <line number="58" hits="3" branch="false" />
                <line number="61" hits="3" branch="false" />
                <line number="62" hits="3" branch="false" />
                <line number="63" hits="3" branch="false" />
                <line number="64" hits="3" branch="false" />
              </lines>
            </method>
          </methods>
          <lines>
            <line number="56" hits="3" branch="false" />
            <line number="57" hits="3" branch="false" />
            <line number="58" hits="3" branch="false" />
            <line number="61" hits="3" branch="false" />
            <line number="62" hits="3" branch="false" />
            <line number="63" hits="3" branch="false" />
            <line number="64" hits="3" branch="false" />
            <line number="67" hits="3" branch="false" />
            <line number="68" hits="3" branch="false" />
            <line number="70" hits="66" branch="true" condition-coverage="100% (2/2)" />
            <line number="71" hits="30" branch="false" />
            <line number="72" hits="30" branch="false" />
            <line number="73" hits="30" branch="false" />
            <line number="75" hits="3" branch="false" />
            <line number="76" hits="3" branch="false" />
            <line number="79" hits="3" branch="false" />
            <line number="80" hits="21" branch="true" condition-coverage="100% (2/2)" />
            <line number="81" hits="6" branch="false" />
            <line number="82" hits="6" branch="false" />
            <line number="83" hits="6" branch="false" />
            <line number="85" hits="3" branch="false" />
            <line number="86" hits="3" branch="false" />
            <line number="89" hits="3" branch="false" />
            <line number="91" hits="6" branch="true" condition-coverage="50% (1/2)" />
            <line number="94" hits="6" branch="false" />
            <line number="95" hits="6" branch="false" />
            <line number="96" hits="132" branch="true" condition-coverage="100% (2/2)" />
            <line number="97" hits="57" branch="false" />
            <line number="98" hits="57" branch="false" />
            <line number="99" hits="57" branch="false" />
            <line number="101" hits="57" branch="true" condition-coverage="100% (2/2)" />
            <line number="102" hits="3" branch="false" />
            <line number="103" hits="3" branch="false" />
            <line number="104" hits="3" branch="false" />
            <line number="105" hits="57" branch="false" />
            <line number="107" hits="6" branch="false" />
            <line number="108" hits="6" branch="true" condition-coverage="50% (1/2)" />
            <line number="110" hits="6" branch="true" condition-coverage="50% (1/2)" />
            <line number="111" hits="6" branch="false" />
          </lines>
        </class>
        <class name="Core.Domain.Validacoes.ValidadorCpf" filename="D:\# Software Architecture\6SOAT\# Fase 4\quickfood-backend-pagamento\src\BuildingBlocks\Core.Domain\Validacoes\ValidadorCpf.cs" line-rate="1" branch-rate="1" complexity="10">
          <methods>
            <method name="Validar" signature="(System.String)" line-rate="1" branch-rate="1" complexity="6">
              <lines>
                <line number="8" hits="7" branch="false" />
                <line number="9" hits="7" branch="true" condition-coverage="100% (2/2)" />
                <line number="10" hits="1" branch="false" />
                <line number="11" hits="1" branch="false" />
                <line number="14" hits="6" branch="false" />
                <line number="16" hits="6" branch="true" condition-coverage="100% (4/4)" />
                <line number="17" hits="6" branch="false" />
                <line number="18" hits="6" branch="false" />
                <line number="19" hits="7" branch="false" />
              </lines>
            </method>
            <method name="RemoverCaracteresEspeciais" signature="(System.String)" line-rate="1" branch-rate="1" complexity="1">
              <lines>
                <line number="22" hits="6" branch="false" />
              </lines>
            </method>
            <method name="TamanhoValido" signature="(System.String)" line-rate="1" branch-rate="1" complexity="1">
              <lines>
                <line number="25" hits="6" branch="false" />
              </lines>
            </method>
            <method name="TemDigitosRepetidos" signature="(System.String)" line-rate="1" branch-rate="1" complexity="1">
              <lines>
                <line number="28" hits="5" branch="false" />
                <line number="29" hits="5" branch="false" />
                <line number="30" hits="5" branch="false" />
                <line number="31" hits="5" branch="false" />
                <line number="32" hits="5" branch="false" />
                <line number="33" hits="5" branch="false" />
                <line number="34" hits="5" branch="false" />
                <line number="36" hits="5" branch="false" />
                <line number="37" hits="5" branch="false" />
              </lines>
            </method>
            <method name="TemDigitosValidos" signature="(System.String)" line-rate="1" branch-rate="1" complexity="1">
              <lines>
                <line number="40" hits="3" branch="false" />
                <line number="41" hits="3" branch="false" />
                <line number="42" hits="3" branch="false" />
                <line number="43" hits="3" branch="false" />
                <line number="44" hits="3" branch="false" />
                <line number="45" hits="3" branch="false" />
                <line number="46" hits="3" branch="false" />
                <line number="47" hits="3" branch="false" />
                <line number="49" hits="3" branch="false" />
                <line number="50" hits="3" branch="false" />
              </lines>
            </method>
          </methods>
          <lines>
            <line number="8" hits="7" branch="false" />
            <line number="9" hits="7" branch="true" condition-coverage="100% (2/2)" />
            <line number="10" hits="1" branch="false" />
            <line number="11" hits="1" branch="false" />
            <line number="14" hits="6" branch="false" />
            <line number="16" hits="6" branch="true" condition-coverage="100% (4/4)" />
            <line number="17" hits="6" branch="false" />
            <line number="18" hits="6" branch="false" />
            <line number="19" hits="7" branch="false" />
            <line number="22" hits="6" branch="false" />
            <line number="25" hits="6" branch="false" />
            <line number="28" hits="5" branch="false" />
            <line number="29" hits="5" branch="false" />
            <line number="30" hits="5" branch="false" />
            <line number="31" hits="5" branch="false" />
            <line number="32" hits="5" branch="false" />
            <line number="33" hits="5" branch="false" />
            <line number="34" hits="5" branch="false" />
            <line number="36" hits="5" branch="false" />
            <line number="37" hits="5" branch="false" />
            <line number="40" hits="3" branch="false" />
            <line number="41" hits="3" branch="false" />
            <line number="42" hits="3" branch="false" />
            <line number="43" hits="3" branch="false" />
            <line number="44" hits="3" branch="false" />
            <line number="45" hits="3" branch="false" />
            <line number="46" hits="3" branch="false" />
            <line number="47" hits="3" branch="false" />
            <line number="49" hits="3" branch="false" />
            <line number="50" hits="3" branch="false" />
          </lines>
        </class>
      </classes>
    </package>
    <package name="Domain" line-rate="1" branch-rate="1" complexity="17">
      <classes>
        <class name="Domain.Entities.Pagamento" filename="D:\# Software Architecture\6SOAT\# Fase 4\quickfood-backend-pagamento\src\Domain\Entities\Pagamento.cs" line-rate="1" branch-rate="1" complexity="10">
          <methods>
            <method name="get_PedidoId" signature="()" line-rate="1" branch-rate="1" complexity="1">
              <lines>
                <line number="8" hits="7" branch="false" />
              </lines>
            </method>
            <method name="get_Status" signature="()" line-rate="1" branch-rate="1" complexity="1">
              <lines>
                <line number="9" hits="6" branch="false" />
              </lines>
            </method>
            <method name="get_Valor" signature="()" line-rate="1" branch-rate="1" complexity="1">
              <lines>
                <line number="10" hits="7" branch="false" />
              </lines>
            </method>
            <method name="get_QrCodePix" signature="()" line-rate="1" branch-rate="1" complexity="1">
              <lines>
                <line number="11" hits="4" branch="false" />
              </lines>
            </method>
            <method name="get_DataPagamento" signature="()" line-rate="1" branch-rate="1" complexity="1">
              <lines>
                <line number="12" hits="7" branch="false" />
              </lines>
            </method>
            <method name="AtribuirQrCodePix" signature="(System.String)" line-rate="1" branch-rate="1" complexity="1">
              <lines>
                <line number="33" hits="1" branch="false" />
              </lines>
            </method>
            <method name="AlterarStatusPagamentoParaPendente" signature="()" line-rate="1" branch-rate="1" complexity="1">
              <lines>
                <line number="36" hits="1" branch="false" />
              </lines>
            </method>
            <method name="AlterarStatusPagamentoParaPago" signature="()" line-rate="1" branch-rate="1" complexity="1">
              <lines>
                <line number="39" hits="1" branch="false" />
              </lines>
            </method>
            <method name=".ctor" signature="(System.Guid,System.Decimal)" line-rate="1" branch-rate="1" complexity="1">
              <lines>
                <line number="14" hits="4" branch="false" />
                <line number="15" hits="4" branch="false" />
                <line number="16" hits="4" branch="false" />
                <line number="17" hits="4" branch="false" />
                <line number="18" hits="4" branch="false" />
                <line number="19" hits="4" branch="false" />
                <line number="20" hits="4" branch="false" />
              </lines>
            </method>
            <method name=".ctor" signature="(System.Guid,System.Guid,Domain.ValueObjects.StatusPagamento,System.Decimal,System.String,System.DateTime)" line-rate="1" branch-rate="1" complexity="1">
              <lines>
                <line number="22" hits="1" branch="false" />
                <line number="23" hits="1" branch="false" />
                <line number="24" hits="1" branch="false" />
                <line number="25" hits="1" branch="false" />
                <line number="26" hits="1" branch="false" />
                <line number="27" hits="1" branch="false" />
                <line number="28" hits="1" branch="false" />
                <line number="29" hits="1" branch="false" />
                <line number="30" hits="1" branch="false" />
              </lines>
            </method>
          </methods>
          <lines>
            <line number="8" hits="7" branch="false" />
            <line number="9" hits="6" branch="false" />
            <line number="10" hits="7" branch="false" />
            <line number="11" hits="4" branch="false" />
            <line number="12" hits="7" branch="false" />
            <line number="14" hits="4" branch="false" />
            <line number="15" hits="4" branch="false" />
            <line number="16" hits="4" branch="false" />
            <line number="17" hits="4" branch="false" />
            <line number="18" hits="4" branch="false" />
            <line number="19" hits="4" branch="false" />
            <line number="20" hits="4" branch="false" />
            <line number="22" hits="1" branch="false" />
            <line number="23" hits="1" branch="false" />
            <line number="24" hits="1" branch="false" />
            <line number="25" hits="1" branch="false" />
            <line number="26" hits="1" branch="false" />
            <line number="27" hits="1" branch="false" />
            <line number="28" hits="1" branch="false" />
            <line number="29" hits="1" branch="false" />
            <line number="30" hits="1" branch="false" />
            <line number="33" hits="1" branch="false" />
            <line number="36" hits="1" branch="false" />
            <line number="39" hits="1" branch="false" />
          </lines>
        </class>
        <class name="Domain.Entities.Pedido" filename="D:\# Software Architecture\6SOAT\# Fase 4\quickfood-backend-pagamento\src\Domain\Entities\Pedido.cs" line-rate="1" branch-rate="1" complexity="7">
          <methods>
            <method name="get_NumeroPedido" signature="()" line-rate="1" branch-rate="1" complexity="1">
              <lines>
                <line number="7" hits="2" branch="false" />
              </lines>
            </method>
            <method name="get_ValorTotal" signature="()" line-rate="1" branch-rate="1" complexity="1">
              <lines>
                <line number="8" hits="2" branch="false" />
              </lines>
            </method>
            <method name="get_DataPedido" signature="()" line-rate="1" branch-rate="1" complexity="1">
              <lines>
                <line number="9" hits="2" branch="false" />
              </lines>
            </method>
            <method name=".ctor" signature="(System.Guid,System.Int32,System.Decimal,System.DateTime)" line-rate="1" branch-rate="1" complexity="4">
              <lines>
                <line number="11" hits="3" branch="false" />
                <line number="12" hits="3" branch="false" />
                <line number="13" hits="3" branch="true" condition-coverage="100% (2/2)" />
                <line number="14" hits="1" branch="false" />
                <line number="15" hits="1" branch="false" />
                <line number="18" hits="2" branch="true" condition-coverage="100% (2/2)" />
                <line number="19" hits="1" branch="false" />
                <line number="20" hits="1" branch="false" />
                <line number="23" hits="1" branch="false" />
                <line number="24" hits="1" branch="false" />
                <line number="25" hits="1" branch="false" />
                <line number="26" hits="1" branch="false" />
                <line number="27" hits="1" branch="false" />
              </lines>
            </method>
          </methods>
          <lines>
            <line number="7" hits="2" branch="false" />
            <line number="8" hits="2" branch="false" />
            <line number="9" hits="2" branch="false" />
            <line number="11" hits="3" branch="false" />
            <line number="12" hits="3" branch="false" />
            <line number="13" hits="3" branch="true" condition-coverage="100% (2/2)" />
            <line number="14" hits="1" branch="false" />
            <line number="15" hits="1" branch="false" />
            <line number="18" hits="2" branch="true" condition-coverage="100% (2/2)" />
            <line number="19" hits="1" branch="false" />
            <line number="20" hits="1" branch="false" />
            <line number="23" hits="1" branch="false" />
            <line number="24" hits="1" branch="false" />
            <line number="25" hits="1" branch="false" />
            <line number="26" hits="1" branch="false" />
            <line number="27" hits="1" branch="false" />
          </lines>
        </class>
      </classes>
    </package>
    <package name="Infra" line-rate="0.8656716417910447" branch-rate="0.75" complexity="19">
      <classes>
        <class name="Infra.Configurations.DynamoDbConfig" filename="D:\# Software Architecture\6SOAT\# Fase 4\quickfood-backend-pagamento\src\Infra\Configurations\DynamoDbConfig.cs" line-rate="0.8421052631578947" branch-rate="0.75" complexity="9">
          <methods>
            <method name="Configure" signature="(Microsoft.Extensions.DependencyInjection.IServiceCollection,System.String,System.String,System.String,Amazon.DynamoDBv2.IAmazonDynamoDB,Amazon.DynamoDBv2.DataModel.IDynamoDBContext)" line-rate="1" branch-rate="0.5" complexity="4">
              <lines>
                <line number="12" hits="1" branch="false" />
                <line number="13" hits="1" branch="true" condition-coverage="50% (1/2)" />
                <line number="14" hits="1" branch="true" condition-coverage="50% (1/2)" />
                <line number="16" hits="1" branch="false" />
                <line number="17" hits="1" branch="false" />
                <line number="19" hits="1" branch="false" />
                <line number="20" hits="1" branch="false" />
              </lines>
            </method>
            <method name="ConfigDynamoDb" signature="(System.String,System.String,System.String)" line-rate="0" branch-rate="1" complexity="1">
              <lines>
                <line number="23" hits="0" branch="false" />
                <line number="24" hits="0" branch="false" />
                <line number="25" hits="0" branch="false" />
                <line number="26" hits="0" branch="false" />
                <line number="27" hits="0" branch="false" />
                <line number="29" hits="0" branch="false" />
                <line number="30" hits="0" branch="false" />
                <line number="32" hits="0" branch="false" />
                <line number="33" hits="0" branch="false" />
              </lines>
            </method>
            <method name="CreateTableIfNotExists" signature="()" line-rate="1" branch-rate="1" complexity="4">
              <lines>
                <line number="36" hits="3" branch="false" />
                <line number="37" hits="3" branch="false" />
                <line number="38" hits="3" branch="false" />
                <line number="39" hits="3" branch="false" />
                <line number="40" hits="3" branch="false" />
                <line number="41" hits="3" branch="false" />
                <line number="43" hits="21" branch="true" condition-coverage="100% (2/2)" />
                <line number="44" hits="6" branch="false" />
                <line number="46" hits="6" branch="false" />
                <line number="47" hits="6" branch="false" />
                <line number="48" hits="4" branch="false" />
                <line number="49" hits="2" branch="false" />
                <line number="50" hits="2" branch="false" />
                <line number="51" hits="2" branch="false" />
                <line number="52" hits="2" branch="false" />
                <line number="53" hits="2" branch="false" />
                <line number="54" hits="2" branch="false" />
                <line number="55" hits="2" branch="false" />
                <line number="56" hits="2" branch="false" />
                <line number="57" hits="2" branch="false" />
                <line number="58" hits="2" branch="false" />
                <line number="59" hits="2" branch="false" />
                <line number="60" hits="2" branch="false" />
                <line number="61" hits="2" branch="false" />
                <line number="62" hits="2" branch="false" />
                <line number="63" hits="2" branch="false" />
                <line number="64" hits="2" branch="false" />
                <line number="65" hits="2" branch="false" />
                <line number="66" hits="2" branch="false" />
                <line number="67" hits="2" branch="false" />
                <line number="69" hits="2" branch="false" />
                <line number="71" hits="2" branch="false" />
                <line number="72" hits="6" branch="true" condition-coverage="100% (2/2)" />
                <line number="73" hits="4" branch="false" />
                <line number="74" hits="4" branch="false" />
                <line number="75" hits="4" branch="false" />
                <line number="76" hits="4" branch="false" />
                <line number="77" hits="4" branch="false" />
                <line number="78" hits="2" branch="false" />
                <line number="79" hits="6" branch="false" />
                <line number="80" hits="3" branch="false" />
              </lines>
            </method>
          </methods>
          <lines>
            <line number="12" hits="1" branch="false" />
            <line number="13" hits="1" branch="true" condition-coverage="50% (1/2)" />
            <line number="14" hits="1" branch="true" condition-coverage="50% (1/2)" />
            <line number="16" hits="1" branch="false" />
            <line number="17" hits="1" branch="false" />
            <line number="19" hits="1" branch="false" />
            <line number="20" hits="1" branch="false" />
            <line number="23" hits="0" branch="false" />
            <line number="24" hits="0" branch="false" />
            <line number="25" hits="0" branch="false" />
            <line number="26" hits="0" branch="false" />
            <line number="27" hits="0" branch="false" />
            <line number="29" hits="0" branch="false" />
            <line number="30" hits="0" branch="false" />
            <line number="32" hits="0" branch="false" />
            <line number="33" hits="0" branch="false" />
            <line number="36" hits="3" branch="false" />
            <line number="37" hits="3" branch="false" />
            <line number="38" hits="3" branch="false" />
            <line number="39" hits="3" branch="false" />
            <line number="40" hits="3" branch="false" />
            <line number="41" hits="3" branch="false" />
            <line number="43" hits="21" branch="true" condition-coverage="100% (2/2)" />
            <line number="44" hits="6" branch="false" />
            <line number="46" hits="6" branch="false" />
            <line number="47" hits="6" branch="false" />
            <line number="48" hits="4" branch="false" />
            <line number="49" hits="2" branch="false" />
            <line number="50" hits="2" branch="false" />
            <line number="51" hits="2" branch="false" />
            <line number="52" hits="2" branch="false" />
            <line number="53" hits="2" branch="false" />
            <line number="54" hits="2" branch="false" />
            <line number="55" hits="2" branch="false" />
            <line number="56" hits="2" branch="false" />
            <line number="57" hits="2" branch="false" />
            <line number="58" hits="2" branch="false" />
            <line number="59" hits="2" branch="false" />
            <line number="60" hits="2" branch="false" />
            <line number="61" hits="2" branch="false" />
            <line number="62" hits="2" branch="false" />
            <line number="63" hits="2" branch="false" />
            <line number="64" hits="2" branch="false" />
            <line number="65" hits="2" branch="false" />
            <line number="66" hits="2" branch="false" />
            <line number="67" hits="2" branch="false" />
            <line number="69" hits="2" branch="false" />
            <line number="71" hits="2" branch="false" />
            <line number="72" hits="6" branch="true" condition-coverage="100% (2/2)" />
            <line number="73" hits="4" branch="false" />
            <line number="74" hits="4" branch="false" />
            <line number="75" hits="4" branch="false" />
            <line number="76" hits="4" branch="false" />
            <line number="77" hits="4" branch="false" />
            <line number="78" hits="2" branch="false" />
            <line number="79" hits="6" branch="false" />
            <line number="80" hits="3" branch="false" />
          </lines>
        </class>
        <class name="Infra.Dto.PagamentoDb" filename="D:\# Software Architecture\6SOAT\# Fase 4\quickfood-backend-pagamento\src\Infra\Dto\PagamentoDb.cs" line-rate="1" branch-rate="1" complexity="6">
          <methods>
            <method name="get_Id" signature="()" line-rate="1" branch-rate="1" complexity="1">
              <lines>
                <line number="9" hits="2" branch="false" />
              </lines>
            </method>
            <method name="get_PedidoId" signature="()" line-rate="1" branch-rate="1" complexity="1">
              <lines>
                <line number="12" hits="2" branch="false" />
              </lines>
            </method>
            <method name="get_Status" signature="()" line-rate="1" branch-rate="1" complexity="1">
              <lines>
                <line number="15" hits="3" branch="false" />
              </lines>
            </method>
            <method name="get_Valor" signature="()" line-rate="1" branch-rate="1" complexity="1">
              <lines>
                <line number="18" hits="2" branch="false" />
              </lines>
            </method>
            <method name="get_QrCodePix" signature="()" line-rate="1" branch-rate="1" complexity="1">
              <lines>
                <line number="21" hits="2" branch="false" />
              </lines>
            </method>
            <method name="get_DataPagamento" signature="()" line-rate="1" branch-rate="1" complexity="1">
              <lines>
                <line number="24" hits="2" branch="false" />
              </lines>
            </method>
          </methods>
          <lines>
            <line number="9" hits="2" branch="false" />
            <line number="12" hits="2" branch="false" />
            <line number="15" hits="3" branch="false" />
            <line number="18" hits="2" branch="false" />
            <line number="21" hits="2" branch="false" />
            <line number="24" hits="2" branch="false" />
          </lines>
        </class>
        <class name="Infra.Dto.PedidoDb" filename="D:\# Software Architecture\6SOAT\# Fase 4\quickfood-backend-pagamento\src\Infra\Dto\PedidoDb.cs" line-rate="1" branch-rate="1" complexity="4">
          <methods>
            <method name="get_Id" signature="()" line-rate="1" branch-rate="1" complexity="1">
              <lines>
                <line number="9" hits="2" branch="false" />
              </lines>
            </method>
            <method name="get_NumeroPedido" signature="()" line-rate="1" branch-rate="1" complexity="1">
              <lines>
                <line number="12" hits="2" branch="false" />
              </lines>
            </method>
            <method name="get_ValorTotal" signature="()" line-rate="1" branch-rate="1" complexity="1">
              <lines>
                <line number="15" hits="2" branch="false" />
              </lines>
            </method>
            <method name="get_DataPedido" signature="()" line-rate="1" branch-rate="1" complexity="1">
              <lines>
                <line number="18" hits="2" branch="false" />
              </lines>
            </method>
          </methods>
          <lines>
            <line number="9" hits="2" branch="false" />
            <line number="12" hits="2" branch="false" />
            <line number="15" hits="2" branch="false" />
            <line number="18" hits="2" branch="false" />
          </lines>
        </class>
      </classes>
    </package>
  </packages>
</coverage>